[ 2016-06-04T09:40:23+08:00 ] 127.0.0.1 /home/auth/login
INFO: [ app_init ] --START--
INFO: Run Behavior\BuildLiteBehavior [ RunTime:0.000011s ]
INFO: [ app_init ] --END-- [ RunTime:0.000334s ]
INFO: [ app_begin ] --START--
INFO: Run Behavior\ReadHtmlCacheBehavior [ RunTime:0.001247s ]
INFO: [ app_begin ] --END-- [ RunTime:0.001291s ]
INFO: [ view_parse ] --START--
INFO: [ template_filter ] --START--
INFO: Run Behavior\ContentReplaceBehavior [ RunTime:0.000032s ]
INFO: [ template_filter ] --END-- [ RunTime:0.000077s ]
NOTIC: [8] Undefined variable: name G:\UPUPW_AP5.6\htdocs\Application\Runtime\Cache\Home\25520d513124a6369605db6f8fa5dc6c.php 第 31 行.
INFO: Run Behavior\ParseTemplateBehavior [ RunTime:0.014050s ]
INFO: [ view_parse ] --END-- [ RunTime:0.014108s ]
INFO: [ view_filter ] --START--
INFO: Run Behavior\WriteHtmlCacheBehavior [ RunTime:0.001724s ]
INFO: [ view_filter ] --END-- [ RunTime:0.001769s ]
INFO: [ app_end ] --START--
INFO: Run Behavior\ShowPageTraceBehavior [ RunTime:0.001310s ]
INFO: [ app_end ] --END-- [ RunTime:0.001357s ]

[ 2016-06-04T09:40:27+08:00 ] 127.0.0.1 /Home/Auth/getlogin.html
INFO: [ app_init ] --START--
INFO: Run Behavior\BuildLiteBehavior [ RunTime:0.000013s ]
INFO: [ app_init ] --END-- [ RunTime:0.000370s ]
INFO: [ app_begin ] --START--
INFO: Run Behavior\ReadHtmlCacheBehavior [ RunTime:0.001548s ]
INFO: [ app_begin ] --END-- [ RunTime:0.001610s ]
SQL: SHOW COLUMNS FROM `users` [ RunTime:0.0127s ]
SQL: SELECT * FROM `users` WHERE `uname` = 'guoguo' AND `pwd` = 'guoguo'  [ RunTime:0.0003s ]
INFO: [ view_parse ] --START--
INFO: [ template_filter ] --START--
INFO: Run Behavior\ContentReplaceBehavior [ RunTime:0.000032s ]
INFO: [ template_filter ] --END-- [ RunTime:0.000068s ]
INFO: Run Behavior\ParseTemplateBehavior [ RunTime:0.009582s ]
INFO: [ view_parse ] --END-- [ RunTime:0.009645s ]
INFO: [ view_filter ] --START--
INFO: Run Behavior\WriteHtmlCacheBehavior [ RunTime:0.001290s ]
INFO: [ view_filter ] --END-- [ RunTime:0.001321s ]
INFO: [ app_end ] --START--
INFO: Run Behavior\ShowPageTraceBehavior [ RunTime:0.001265s ]
INFO: [ app_end ] --END-- [ RunTime:0.001293s ]

[ 2016-06-04T09:40:29+08:00 ] 127.0.0.1 /Home/Index/index
INFO: [ app_init ] --START--
INFO: Run Behavior\BuildLiteBehavior [ RunTime:0.000010s ]
INFO: [ app_init ] --END-- [ RunTime:0.000305s ]
INFO: [ app_begin ] --START--
INFO: Run Behavior\ReadHtmlCacheBehavior [ RunTime:0.001669s ]
INFO: [ app_begin ] --END-- [ RunTime:0.001740s ]
SQL: SHOW COLUMNS FROM `goods` [ RunTime:0.0088s ]
SQL: SELECT * FROM `goods`  [ RunTime:0.0005s ]
SQL: SHOW COLUMNS FROM `goodtype` [ RunTime:0.0061s ]
SQL: SELECT * FROM `goodtype`  [ RunTime:0.0002s ]
SQL: SELECT * FROM `goods` WHERE `goods_id` = 43 LIMIT 1   [ RunTime:0.0002s ]
SQL: SELECT * FROM `goods` WHERE `goods_id` = 45 LIMIT 1   [ RunTime:0.0001s ]
SQL: SELECT * FROM `goods` WHERE `goods_id` = 31 LIMIT 1   [ RunTime:0.0002s ]
SQL: SELECT * FROM `goods` WHERE `goods_id` = 27 LIMIT 1   [ RunTime:0.0002s ]
SQL: SELECT * FROM `goods` WHERE `goods_id` = 44 LIMIT 1   [ RunTime:0.0001s ]
SQL: SELECT * FROM `goods` WHERE `goods_id` = 19 LIMIT 1   [ RunTime:0.0001s ]
INFO: [ view_parse ] --START--
INFO: [ template_filter ] --START--
INFO: Run Behavior\ContentReplaceBehavior [ RunTime:0.000093s ]
INFO: [ template_filter ] --END-- [ RunTime:0.000152s ]

[ 2016-06-04T09:41:16+08:00 ] 127.0.0.1 /Home/Index/index
INFO: [ app_init ] --START--
INFO: Run Behavior\BuildLiteBehavior [ RunTime:0.000018s ]
INFO: [ app_init ] --END-- [ RunTime:0.000437s ]
INFO: [ app_begin ] --START--
INFO: Run Behavior\ReadHtmlCacheBehavior [ RunTime:0.003261s ]
INFO: [ app_begin ] --END-- [ RunTime:0.003334s ]
SQL: SHOW COLUMNS FROM `goods` [ RunTime:0.0101s ]
SQL: SELECT * FROM `goods`  [ RunTime:0.0006s ]
SQL: SHOW COLUMNS FROM `goodtype` [ RunTime:0.0072s ]
SQL: SELECT * FROM `goodtype`  [ RunTime:0.0002s ]
SQL: SELECT * FROM `goods` WHERE `goods_id` = 19 LIMIT 1   [ RunTime:0.0002s ]
SQL: SELECT * FROM `goods` WHERE `goods_id` = 34 LIMIT 1   [ RunTime:0.0003s ]
SQL: SELECT * FROM `goods` WHERE `goods_id` = 80 LIMIT 1   [ RunTime:0.0002s ]
SQL: SELECT * FROM `goods` WHERE `goods_id` = 22 LIMIT 1   [ RunTime:0.0002s ]
SQL: SELECT * FROM `goods` WHERE `goods_id` = 74 LIMIT 1   [ RunTime:0.0002s ]
SQL: SELECT * FROM `goods` WHERE `goods_id` = 68 LIMIT 1   [ RunTime:0.0002s ]
INFO: [ view_parse ] --START--
INFO: [ template_filter ] --START--
INFO: Run Behavior\ContentReplaceBehavior [ RunTime:0.000085s ]
INFO: [ template_filter ] --END-- [ RunTime:0.000154s ]
INFO: Run Behavior\ParseTemplateBehavior [ RunTime:0.042984s ]
INFO: [ view_parse ] --END-- [ RunTime:0.043053s ]
INFO: [ view_filter ] --START--
INFO: Run Behavior\WriteHtmlCacheBehavior [ RunTime:0.001257s ]
INFO: [ view_filter ] --END-- [ RunTime:0.001284s ]
INFO: [ app_end ] --START--
INFO: Run Behavior\ShowPageTraceBehavior [ RunTime:0.001252s ]
INFO: [ app_end ] --END-- [ RunTime:0.001283s ]

