[ 2016-06-26T23:34:57+08:00 ] 127.0.0.1 /
INFO: [ app_init ] --START--
INFO: Run Behavior\BuildLiteBehavior [ RunTime:0.000010s ]
INFO: [ app_init ] --END-- [ RunTime:0.000341s ]
INFO: [ app_begin ] --START--
INFO: Run Behavior\ReadHtmlCacheBehavior [ RunTime:0.001318s ]
INFO: [ app_begin ] --END-- [ RunTime:0.001375s ]
SQL: SHOW COLUMNS FROM `reply` [ RunTime:0.0081s ]
SQL: SELECT COUNT(*) AS tp_count FROM `reply` WHERE `rep_status` = 0 AND `uname` = null LIMIT 1   [ RunTime:0.0003s ]
SQL: SHOW COLUMNS FROM `goods` [ RunTime:0.0039s ]
SQL: SHOW COLUMNS FROM `bulletin` [ RunTime:0.0055s ]
SQL: SELECT * FROM `goods` INNER JOIN wellbad ON goods.goods_id = wellbad.goods_id  ORDER BY wells DESC LIMIT 6   [ RunTime:0.0005s ]
SQL: SHOW COLUMNS FROM `goodtype` [ RunTime:0.0063s ]
SQL: SELECT * FROM `goodtype`  [ RunTime:0.0002s ]
SQL: SELECT * FROM `bulletin` ORDER BY bul_startime DESC LIMIT 5   [ RunTime:0.0002s ]
INFO: [ view_parse ] --START--
INFO: [ template_filter ] --START--
INFO: Run Behavior\ContentReplaceBehavior [ RunTime:0.000070s ]
INFO: [ template_filter ] --END-- [ RunTime:0.000120s ]
NOTIC: [8] Undefined variable: page G:\UPUPW_AP5.6\htdocs\Application\Runtime\Cache\Home\2a94b8bda04ff446dcedd42276fc99ee.php 第 168 行.
INFO: Run Behavior\ParseTemplateBehavior [ RunTime:0.127784s ]
INFO: [ view_parse ] --END-- [ RunTime:0.127986s ]
INFO: [ view_filter ] --START--
INFO: Run Behavior\WriteHtmlCacheBehavior [ RunTime:0.002492s ]
INFO: [ view_filter ] --END-- [ RunTime:0.002670s ]
INFO: [ app_end ] --START--
INFO: Run Behavior\ShowPageTraceBehavior [ RunTime:0.001340s ]
INFO: [ app_end ] --END-- [ RunTime:0.001379s ]

[ 2016-06-26T23:34:58+08:00 ] 127.0.0.1 /Home/Auth/login.html
INFO: [ app_init ] --START--
INFO: Run Behavior\BuildLiteBehavior [ RunTime:0.000013s ]
INFO: [ app_init ] --END-- [ RunTime:0.000460s ]
INFO: [ app_begin ] --START--
INFO: Run Behavior\ReadHtmlCacheBehavior [ RunTime:0.001377s ]
INFO: [ app_begin ] --END-- [ RunTime:0.001436s ]
INFO: [ view_parse ] --START--
INFO: [ template_filter ] --START--
INFO: Run Behavior\ContentReplaceBehavior [ RunTime:0.000035s ]
INFO: [ template_filter ] --END-- [ RunTime:0.000111s ]
NOTIC: [8] Undefined variable: name G:\UPUPW_AP5.6\htdocs\Application\Runtime\Cache\Home\25520d513124a6369605db6f8fa5dc6c.php 第 31 行.
INFO: Run Behavior\ParseTemplateBehavior [ RunTime:0.030566s ]
INFO: [ view_parse ] --END-- [ RunTime:0.030620s ]
INFO: [ view_filter ] --START--
INFO: Run Behavior\WriteHtmlCacheBehavior [ RunTime:0.001326s ]
INFO: [ view_filter ] --END-- [ RunTime:0.001356s ]
INFO: [ app_end ] --START--
INFO: Run Behavior\ShowPageTraceBehavior [ RunTime:0.001247s ]
INFO: [ app_end ] --END-- [ RunTime:0.001277s ]

[ 2016-06-26T23:36:38+08:00 ] 127.0.0.1 /Home/Auth/register
INFO: [ app_init ] --START--
INFO: Run Behavior\BuildLiteBehavior [ RunTime:0.000012s ]
INFO: [ app_init ] --END-- [ RunTime:0.000413s ]
INFO: [ app_begin ] --START--
INFO: Run Behavior\ReadHtmlCacheBehavior [ RunTime:0.001587s ]
INFO: [ app_begin ] --END-- [ RunTime:0.001645s ]
INFO: [ view_parse ] --START--
INFO: [ template_filter ] --START--
INFO: Run Behavior\ContentReplaceBehavior [ RunTime:0.000041s ]
INFO: [ template_filter ] --END-- [ RunTime:0.000087s ]
INFO: Run Behavior\ParseTemplateBehavior [ RunTime:0.058585s ]
INFO: [ view_parse ] --END-- [ RunTime:0.058647s ]
INFO: [ view_filter ] --START--
INFO: Run Behavior\WriteHtmlCacheBehavior [ RunTime:0.002235s ]
INFO: [ view_filter ] --END-- [ RunTime:0.002300s ]
INFO: [ app_end ] --START--
INFO: Run Behavior\ShowPageTraceBehavior [ RunTime:0.003437s ]
INFO: [ app_end ] --END-- [ RunTime:0.003487s ]

[ 2016-06-26T23:43:56+08:00 ] 127.0.0.1 /Home/
INFO: [ app_init ] --START--
INFO: Run Behavior\BuildLiteBehavior [ RunTime:0.000011s ]
INFO: [ app_init ] --END-- [ RunTime:0.000349s ]
INFO: [ app_begin ] --START--
INFO: Run Behavior\ReadHtmlCacheBehavior [ RunTime:0.001247s ]
INFO: [ app_begin ] --END-- [ RunTime:0.001293s ]
SQL: SHOW COLUMNS FROM `reply` [ RunTime:0.0119s ]
SQL: SELECT COUNT(*) AS tp_count FROM `reply` WHERE `rep_status` = 0 AND `uname` = null LIMIT 1   [ RunTime:0.0002s ]
SQL: SHOW COLUMNS FROM `goods` [ RunTime:0.0039s ]
SQL: SHOW COLUMNS FROM `bulletin` [ RunTime:0.0058s ]
SQL: SELECT * FROM `goods` INNER JOIN wellbad ON goods.goods_id = wellbad.goods_id  ORDER BY wells DESC LIMIT 6   [ RunTime:0.0004s ]
SQL: SHOW COLUMNS FROM `goodtype` [ RunTime:0.0055s ]
SQL: SELECT * FROM `goodtype`  [ RunTime:0.0002s ]
SQL: SELECT * FROM `bulletin` ORDER BY bul_startime DESC LIMIT 5   [ RunTime:0.0002s ]
INFO: [ view_parse ] --START--
INFO: [ template_filter ] --START--
INFO: Run Behavior\ContentReplaceBehavior [ RunTime:0.000056s ]
INFO: [ template_filter ] --END-- [ RunTime:0.000092s ]
NOTIC: [8] Undefined variable: page G:\UPUPW_AP5.6\htdocs\Application\Runtime\Cache\Home\2a94b8bda04ff446dcedd42276fc99ee.php 第 168 行.
INFO: Run Behavior\ParseTemplateBehavior [ RunTime:0.057350s ]
INFO: [ view_parse ] --END-- [ RunTime:0.057391s ]
INFO: [ view_filter ] --START--
INFO: Run Behavior\WriteHtmlCacheBehavior [ RunTime:0.001324s ]
INFO: [ view_filter ] --END-- [ RunTime:0.001367s ]
INFO: [ app_end ] --START--
INFO: Run Behavior\ShowPageTraceBehavior [ RunTime:0.001287s ]
INFO: [ app_end ] --END-- [ RunTime:0.001320s ]

[ 2016-06-26T23:46:18+08:00 ] 127.0.0.1 /Home/Auth/login.html
INFO: [ app_init ] --START--
INFO: Run Behavior\BuildLiteBehavior [ RunTime:0.000014s ]
INFO: [ app_init ] --END-- [ RunTime:0.000372s ]
INFO: [ app_begin ] --START--
INFO: Run Behavior\ReadHtmlCacheBehavior [ RunTime:0.001544s ]
INFO: [ app_begin ] --END-- [ RunTime:0.001605s ]
INFO: [ view_parse ] --START--
INFO: [ template_filter ] --START--
INFO: Run Behavior\ContentReplaceBehavior [ RunTime:0.000057s ]
INFO: [ template_filter ] --END-- [ RunTime:0.000133s ]
NOTIC: [8] Undefined variable: name G:\UPUPW_AP5.6\htdocs\Application\Runtime\Cache\Home\25520d513124a6369605db6f8fa5dc6c.php 第 31 行.
INFO: Run Behavior\ParseTemplateBehavior [ RunTime:0.014874s ]
INFO: [ view_parse ] --END-- [ RunTime:0.014944s ]
INFO: [ view_filter ] --START--
INFO: Run Behavior\WriteHtmlCacheBehavior [ RunTime:0.001501s ]
INFO: [ view_filter ] --END-- [ RunTime:0.001544s ]
INFO: [ app_end ] --START--
INFO: Run Behavior\ShowPageTraceBehavior [ RunTime:0.001301s ]
INFO: [ app_end ] --END-- [ RunTime:0.001340s ]

[ 2016-06-26T23:46:25+08:00 ] 127.0.0.1 /Home/Auth/getlogin.html
INFO: [ app_init ] --START--
INFO: Run Behavior\BuildLiteBehavior [ RunTime:0.000009s ]
INFO: [ app_init ] --END-- [ RunTime:0.000302s ]
INFO: [ app_begin ] --START--
INFO: Run Behavior\ReadHtmlCacheBehavior [ RunTime:0.001530s ]
INFO: [ app_begin ] --END-- [ RunTime:0.001582s ]
SQL: SHOW COLUMNS FROM `users` [ RunTime:0.0086s ]
SQL: SELECT * FROM `users` WHERE `uname` = 'a12345' AND `pwd` = 'af8f9dffa5d420fbc249141645b962ee'  [ RunTime:0.0008s ]
INFO: [ view_parse ] --START--
INFO: [ template_filter ] --START--
INFO: Run Behavior\ContentReplaceBehavior [ RunTime:0.000029s ]
INFO: [ template_filter ] --END-- [ RunTime:0.000066s ]
INFO: Run Behavior\ParseTemplateBehavior [ RunTime:0.016112s ]
INFO: [ view_parse ] --END-- [ RunTime:0.016172s ]
INFO: [ view_filter ] --START--
INFO: Run Behavior\WriteHtmlCacheBehavior [ RunTime:0.001319s ]
INFO: [ view_filter ] --END-- [ RunTime:0.001366s ]
INFO: [ app_end ] --START--
INFO: Run Behavior\ShowPageTraceBehavior [ RunTime:0.001256s ]
INFO: [ app_end ] --END-- [ RunTime:0.001285s ]

[ 2016-06-26T23:46:26+08:00 ] 127.0.0.1 /Home/Index/index
INFO: [ app_init ] --START--
INFO: Run Behavior\BuildLiteBehavior [ RunTime:0.000019s ]
INFO: [ app_init ] --END-- [ RunTime:0.000632s ]
INFO: [ app_begin ] --START--
INFO: Run Behavior\ReadHtmlCacheBehavior [ RunTime:0.001303s ]
INFO: [ app_begin ] --END-- [ RunTime:0.001349s ]
SQL: SHOW COLUMNS FROM `reply` [ RunTime:0.0085s ]
SQL: SELECT COUNT(*) AS tp_count FROM `reply` WHERE `rep_status` = 0 AND `uname` = 'a12345' LIMIT 1   [ RunTime:0.0003s ]
SQL: SHOW COLUMNS FROM `goods` [ RunTime:0.0038s ]
SQL: SHOW COLUMNS FROM `bulletin` [ RunTime:0.0053s ]
SQL: SELECT * FROM `goods` INNER JOIN wellbad ON goods.goods_id = wellbad.goods_id  ORDER BY wells DESC LIMIT 6   [ RunTime:0.0005s ]
SQL: SHOW COLUMNS FROM `goodtype` [ RunTime:0.0054s ]
SQL: SELECT * FROM `goodtype`  [ RunTime:0.0002s ]
SQL: SELECT * FROM `bulletin` ORDER BY bul_startime DESC LIMIT 5   [ RunTime:0.0002s ]
INFO: [ view_parse ] --START--
INFO: [ template_filter ] --START--
INFO: Run Behavior\ContentReplaceBehavior [ RunTime:0.000057s ]
INFO: [ template_filter ] --END-- [ RunTime:0.000093s ]
NOTIC: [8] Undefined variable: page G:\UPUPW_AP5.6\htdocs\Application\Runtime\Cache\Home\2a94b8bda04ff446dcedd42276fc99ee.php 第 168 行.
INFO: Run Behavior\ParseTemplateBehavior [ RunTime:0.052091s ]
INFO: [ view_parse ] --END-- [ RunTime:0.052148s ]
INFO: [ view_filter ] --START--
INFO: Run Behavior\WriteHtmlCacheBehavior [ RunTime:0.001327s ]
INFO: [ view_filter ] --END-- [ RunTime:0.001358s ]
INFO: [ app_end ] --START--
INFO: Run Behavior\ShowPageTraceBehavior [ RunTime:0.001293s ]
INFO: [ app_end ] --END-- [ RunTime:0.001326s ]

[ 2016-06-26T23:46:34+08:00 ] 127.0.0.1 /Home/Index/good_info/goods_id/9.html
INFO: [ app_init ] --START--
INFO: Run Behavior\BuildLiteBehavior [ RunTime:0.000010s ]
INFO: [ app_init ] --END-- [ RunTime:0.000319s ]
INFO: [ app_begin ] --START--
INFO: Run Behavior\ReadHtmlCacheBehavior [ RunTime:0.001275s ]
INFO: [ app_begin ] --END-- [ RunTime:0.001324s ]
SQL: SHOW COLUMNS FROM `reply` [ RunTime:0.0093s ]
SQL: SELECT COUNT(*) AS tp_count FROM `reply` WHERE `rep_status` = 0 AND `uname` = 'a12345' LIMIT 1   [ RunTime:0.0002s ]
SQL: SHOW COLUMNS FROM `goods` [ RunTime:0.0031s ]
SQL: SHOW COLUMNS FROM `wellbad` [ RunTime:0.0058s ]
SQL: SHOW COLUMNS FROM `comment` [ RunTime:0.0065s ]
SQL: SELECT COUNT(*) AS tp_count FROM `comment` WHERE `goods_id` = 9 LIMIT 1   [ RunTime:0.0003s ]
SQL: SELECT * FROM `comment` WHERE `goods_id` = 9 ORDER BY cmt_id DESC LIMIT 0,6   [ RunTime:0.0002s ]
SQL: SELECT * FROM `goods` WHERE `goods_id` = 9 LIMIT 1   [ RunTime:0.0002s ]
SQL: SELECT * FROM `wellbad` WHERE `goods_id` = 9 LIMIT 1   [ RunTime:0.0001s ]
INFO: [ view_parse ] --START--
INFO: [ template_filter ] --START--
INFO: Run Behavior\ContentReplaceBehavior [ RunTime:0.000065s ]
INFO: [ template_filter ] --END-- [ RunTime:0.000112s ]
INFO: Run Behavior\ParseTemplateBehavior [ RunTime:0.089896s ]
INFO: [ view_parse ] --END-- [ RunTime:0.089949s ]
INFO: [ view_filter ] --START--
INFO: Run Behavior\WriteHtmlCacheBehavior [ RunTime:0.001629s ]
INFO: [ view_filter ] --END-- [ RunTime:0.001683s ]
INFO: [ app_end ] --START--
INFO: Run Behavior\ShowPageTraceBehavior [ RunTime:0.002165s ]
INFO: [ app_end ] --END-- [ RunTime:0.002224s ]

[ 2016-06-26T23:47:17+08:00 ] 127.0.0.1 /Home/Index/index.html
INFO: [ app_init ] --START--
INFO: Run Behavior\BuildLiteBehavior [ RunTime:0.000011s ]
INFO: [ app_init ] --END-- [ RunTime:0.000333s ]
INFO: [ app_begin ] --START--
INFO: Run Behavior\ReadHtmlCacheBehavior [ RunTime:0.001293s ]
INFO: [ app_begin ] --END-- [ RunTime:0.001345s ]
SQL: SHOW COLUMNS FROM `reply` [ RunTime:0.0073s ]
SQL: SELECT COUNT(*) AS tp_count FROM `reply` WHERE `rep_status` = 0 AND `uname` = 'a12345' LIMIT 1   [ RunTime:0.0002s ]
SQL: SHOW COLUMNS FROM `goods` [ RunTime:0.0036s ]
SQL: SHOW COLUMNS FROM `bulletin` [ RunTime:0.0057s ]
SQL: SELECT * FROM `goods` INNER JOIN wellbad ON goods.goods_id = wellbad.goods_id  ORDER BY wells DESC LIMIT 6   [ RunTime:0.0003s ]
SQL: SHOW COLUMNS FROM `goodtype` [ RunTime:0.0051s ]
SQL: SELECT * FROM `goodtype`  [ RunTime:0.0002s ]
SQL: SELECT * FROM `bulletin` ORDER BY bul_startime DESC LIMIT 5   [ RunTime:0.0002s ]
INFO: [ view_parse ] --START--
INFO: [ template_filter ] --START--
INFO: Run Behavior\ContentReplaceBehavior [ RunTime:0.000060s ]
INFO: [ template_filter ] --END-- [ RunTime:0.000100s ]
NOTIC: [8] Undefined variable: page G:\UPUPW_AP5.6\htdocs\Application\Runtime\Cache\Home\2a94b8bda04ff446dcedd42276fc99ee.php 第 168 行.
INFO: Run Behavior\ParseTemplateBehavior [ RunTime:0.053615s ]
INFO: [ view_parse ] --END-- [ RunTime:0.053659s ]
INFO: [ view_filter ] --START--
INFO: Run Behavior\WriteHtmlCacheBehavior [ RunTime:0.001682s ]
INFO: [ view_filter ] --END-- [ RunTime:0.001719s ]
INFO: [ app_end ] --START--
INFO: Run Behavior\ShowPageTraceBehavior [ RunTime:0.001295s ]
INFO: [ app_end ] --END-- [ RunTime:0.001331s ]

[ 2016-06-26T23:47:20+08:00 ] 127.0.0.1 /Home/User/cart.html
INFO: [ app_init ] --START--
INFO: Run Behavior\BuildLiteBehavior [ RunTime:0.000011s ]
INFO: [ app_init ] --END-- [ RunTime:0.000344s ]
INFO: [ app_begin ] --START--
INFO: Run Behavior\ReadHtmlCacheBehavior [ RunTime:0.001419s ]
INFO: [ app_begin ] --END-- [ RunTime:0.001475s ]
SQL: SHOW COLUMNS FROM `buyinfo` [ RunTime:0.0077s ]
SQL: SELECT COUNT(*) AS tp_count FROM `buyinfo` INNER JOIN goods ON goods.goods_id = buyinfo.goods_id  WHERE `uname` = 'a12345' LIMIT 1   [ RunTime:0.0003s ]
SQL: SELECT * FROM `buyinfo` INNER JOIN goods ON goods.goods_id = buyinfo.goods_id  WHERE `uname` = 'a12345' ORDER BY buy_id DESC LIMIT 0,5   [ RunTime:0.0004s ]
INFO: [ view_parse ] --START--
INFO: [ template_filter ] --START--
INFO: Run Behavior\ContentReplaceBehavior [ RunTime:0.000092s ]
INFO: [ template_filter ] --END-- [ RunTime:0.000140s ]
NOTIC: [8] Undefined variable: rep_count G:\UPUPW_AP5.6\htdocs\Application\Runtime\Cache\Home\34e991134016acfbd3067319ec01d4dd.php 第 125 行.
INFO: Run Behavior\ParseTemplateBehavior [ RunTime:0.093559s ]
INFO: [ view_parse ] --END-- [ RunTime:0.093603s ]
INFO: [ view_filter ] --START--
INFO: Run Behavior\WriteHtmlCacheBehavior [ RunTime:0.001328s ]
INFO: [ view_filter ] --END-- [ RunTime:0.001360s ]
INFO: [ app_end ] --START--
INFO: Run Behavior\ShowPageTraceBehavior [ RunTime:0.001314s ]
INFO: [ app_end ] --END-- [ RunTime:0.001347s ]

[ 2016-06-26T23:49:04+08:00 ] 127.0.0.1 /Home/User/info.html
INFO: [ app_init ] --START--
INFO: Run Behavior\BuildLiteBehavior [ RunTime:0.000011s ]
INFO: [ app_init ] --END-- [ RunTime:0.000323s ]
INFO: [ app_begin ] --START--
INFO: Run Behavior\ReadHtmlCacheBehavior [ RunTime:0.002616s ]
INFO: [ app_begin ] --END-- [ RunTime:0.002711s ]
SQL: SHOW COLUMNS FROM `users` [ RunTime:0.0149s ]
SQL: SELECT `uid` FROM `users` WHERE `uname` = 'a12345' LIMIT 1   [ RunTime:0.0003s ]
SQL: SHOW COLUMNS FROM `userinfo` [ RunTime:0.0053s ]
SQL: SELECT * FROM `userinfo` WHERE `uid` = 4  [ RunTime:0.0006s ]
NOTIC: [8] Use of undefined constant sex - assumed 'sex' G:\UPUPW_AP5.6\htdocs\Application\Home\Controller\UserController.class.php 第 15 行.
INFO: [ view_parse ] --START--
INFO: [ template_filter ] --START--
INFO: Run Behavior\ContentReplaceBehavior [ RunTime:0.000046s ]
INFO: [ template_filter ] --END-- [ RunTime:0.000092s ]
NOTIC: [8] Undefined variable: rep_count G:\UPUPW_AP5.6\htdocs\Application\Runtime\Cache\Home\6a042dd4e91156dd40decf5f4fccdc08.php 第 66 行.
INFO: Run Behavior\ParseTemplateBehavior [ RunTime:0.062014s ]
INFO: [ view_parse ] --END-- [ RunTime:0.062061s ]
INFO: [ view_filter ] --START--
INFO: Run Behavior\WriteHtmlCacheBehavior [ RunTime:0.001855s ]
INFO: [ view_filter ] --END-- [ RunTime:0.001900s ]
INFO: [ app_end ] --START--
INFO: Run Behavior\ShowPageTraceBehavior [ RunTime:0.001566s ]
INFO: [ app_end ] --END-- [ RunTime:0.001606s ]

[ 2016-06-26T23:49:43+08:00 ] 127.0.0.1 /Home/User/order.html
INFO: [ app_init ] --START--
INFO: Run Behavior\BuildLiteBehavior [ RunTime:0.000011s ]
INFO: [ app_init ] --END-- [ RunTime:0.000304s ]
INFO: [ app_begin ] --START--
INFO: Run Behavior\ReadHtmlCacheBehavior [ RunTime:0.001333s ]
INFO: [ app_begin ] --END-- [ RunTime:0.001384s ]
SQL: SHOW COLUMNS FROM `orders` [ RunTime:0.0101s ]
SQL: SHOW COLUMNS FROM `orderdetail` [ RunTime:0.0054s ]
SQL: SELECT COUNT(*) AS tp_count FROM `orders` WHERE `uname` = 'a12345' LIMIT 1   [ RunTime:0.0003s ]
SQL: SELECT * FROM `orders` WHERE `uname` = 'a12345' ORDER BY order_id DESC LIMIT 0,5   [ RunTime:0.0004s ]
SQL: SELECT sum(num) FROM `orderdetail` WHERE `order_id` = 1 GROUP BY order_id LIMIT 1   [ RunTime:0.0345s ]
INFO: [ view_parse ] --START--
INFO: [ template_filter ] --START--
INFO: Run Behavior\ContentReplaceBehavior [ RunTime:0.000043s ]
INFO: [ template_filter ] --END-- [ RunTime:0.000080s ]
NOTIC: [8] Undefined variable: rep_count G:\UPUPW_AP5.6\htdocs\Application\Runtime\Cache\Home\8def8c9ecaf6a13db7ef7bbd50fd9be3.php 第 117 行.
INFO: Run Behavior\ParseTemplateBehavior [ RunTime:0.032908s ]
INFO: [ view_parse ] --END-- [ RunTime:0.032955s ]
INFO: [ view_filter ] --START--
INFO: Run Behavior\WriteHtmlCacheBehavior [ RunTime:0.001295s ]
INFO: [ view_filter ] --END-- [ RunTime:0.001325s ]
INFO: [ app_end ] --START--
INFO: Run Behavior\ShowPageTraceBehavior [ RunTime:0.001263s ]
INFO: [ app_end ] --END-- [ RunTime:0.001291s ]

[ 2016-06-26T23:49:47+08:00 ] 127.0.0.1 /Home/User/orderdetail/order_id/1.html
INFO: [ app_init ] --START--
INFO: Run Behavior\BuildLiteBehavior [ RunTime:0.000012s ]
INFO: [ app_init ] --END-- [ RunTime:0.000331s ]
INFO: [ app_begin ] --START--
INFO: Run Behavior\ReadHtmlCacheBehavior [ RunTime:0.001676s ]
INFO: [ app_begin ] --END-- [ RunTime:0.001741s ]
SQL: SHOW COLUMNS FROM `goods` [ RunTime:0.0082s ]
SQL: SHOW COLUMNS FROM `orderdetail` [ RunTime:0.0057s ]
SQL: SELECT * FROM `goods` INNER JOIN orderdetail ON goods.goods_id = orderdetail.goods_id  WHERE `order_id` = '1'  [ RunTime:0.0342s ]
INFO: [ view_parse ] --START--
INFO: [ template_filter ] --START--
INFO: Run Behavior\ContentReplaceBehavior [ RunTime:0.000055s ]
INFO: [ template_filter ] --END-- [ RunTime:0.000109s ]
NOTIC: [8] Undefined variable: rep_count G:\UPUPW_AP5.6\htdocs\Application\Runtime\Cache\Home\86c84aacce0223cef9d9225ea482b36d.php 第 128 行.
INFO: Run Behavior\ParseTemplateBehavior [ RunTime:0.047616s ]
INFO: [ view_parse ] --END-- [ RunTime:0.047693s ]
INFO: [ view_filter ] --START--
INFO: Run Behavior\WriteHtmlCacheBehavior [ RunTime:0.001561s ]
INFO: [ view_filter ] --END-- [ RunTime:0.001599s ]
INFO: [ app_end ] --START--
INFO: Run Behavior\ShowPageTraceBehavior [ RunTime:0.001505s ]
INFO: [ app_end ] --END-- [ RunTime:0.001540s ]

[ 2016-06-26T23:51:03+08:00 ] 127.0.0.1 /Home/Index/index.html
INFO: [ app_init ] --START--
INFO: Run Behavior\BuildLiteBehavior [ RunTime:0.000010s ]
INFO: [ app_init ] --END-- [ RunTime:0.000303s ]
INFO: [ app_begin ] --START--
INFO: Run Behavior\ReadHtmlCacheBehavior [ RunTime:0.001345s ]
INFO: [ app_begin ] --END-- [ RunTime:0.001415s ]
SQL: SHOW COLUMNS FROM `reply` [ RunTime:0.0110s ]
SQL: SELECT COUNT(*) AS tp_count FROM `reply` WHERE `rep_status` = 0 AND `uname` = 'a12345' LIMIT 1   [ RunTime:0.0003s ]
SQL: SHOW COLUMNS FROM `goods` [ RunTime:0.0033s ]
SQL: SHOW COLUMNS FROM `bulletin` [ RunTime:0.0056s ]
SQL: SELECT * FROM `goods` INNER JOIN wellbad ON goods.goods_id = wellbad.goods_id  ORDER BY wells DESC LIMIT 6   [ RunTime:0.0004s ]
SQL: SHOW COLUMNS FROM `goodtype` [ RunTime:0.0062s ]
SQL: SELECT * FROM `goodtype`  [ RunTime:0.0002s ]
SQL: SELECT * FROM `bulletin` ORDER BY bul_startime DESC LIMIT 5   [ RunTime:0.0002s ]
INFO: [ view_parse ] --START--
INFO: [ template_filter ] --START--
INFO: Run Behavior\ContentReplaceBehavior [ RunTime:0.000057s ]
INFO: [ template_filter ] --END-- [ RunTime:0.000099s ]
NOTIC: [8] Undefined variable: page G:\UPUPW_AP5.6\htdocs\Application\Runtime\Cache\Home\2a94b8bda04ff446dcedd42276fc99ee.php 第 168 行.
INFO: Run Behavior\ParseTemplateBehavior [ RunTime:0.054251s ]
INFO: [ view_parse ] --END-- [ RunTime:0.054294s ]
INFO: [ view_filter ] --START--
INFO: Run Behavior\WriteHtmlCacheBehavior [ RunTime:0.001318s ]
INFO: [ view_filter ] --END-- [ RunTime:0.001347s ]
INFO: [ app_end ] --START--
INFO: Run Behavior\ShowPageTraceBehavior [ RunTime:0.002086s ]
INFO: [ app_end ] --END-- [ RunTime:0.002129s ]

[ 2016-06-26T23:54:10+08:00 ] 127.0.0.1 /Home/Index/good_info/goods_id/43.html
INFO: [ app_init ] --START--
INFO: Run Behavior\BuildLiteBehavior [ RunTime:0.000010s ]
INFO: [ app_init ] --END-- [ RunTime:0.000312s ]
INFO: [ app_begin ] --START--
INFO: Run Behavior\ReadHtmlCacheBehavior [ RunTime:0.001995s ]
INFO: [ app_begin ] --END-- [ RunTime:0.002051s ]
SQL: SHOW COLUMNS FROM `reply` [ RunTime:0.0091s ]
SQL: SELECT COUNT(*) AS tp_count FROM `reply` WHERE `rep_status` = 0 AND `uname` = 'a12345' LIMIT 1   [ RunTime:0.0003s ]
SQL: SHOW COLUMNS FROM `goods` [ RunTime:0.0037s ]
SQL: SHOW COLUMNS FROM `wellbad` [ RunTime:0.0053s ]
SQL: SHOW COLUMNS FROM `comment` [ RunTime:0.0062s ]
SQL: SELECT COUNT(*) AS tp_count FROM `comment` WHERE `goods_id` = 43 LIMIT 1   [ RunTime:0.0003s ]
SQL: SELECT * FROM `comment` WHERE `goods_id` = 43 ORDER BY cmt_id DESC LIMIT 0,6   [ RunTime:0.0002s ]
SQL: SELECT * FROM `goods` WHERE `goods_id` = 43 LIMIT 1   [ RunTime:0.0002s ]
SQL: SELECT * FROM `wellbad` WHERE `goods_id` = 43 LIMIT 1   [ RunTime:0.0002s ]
INFO: [ view_parse ] --START--
INFO: [ template_filter ] --START--
INFO: Run Behavior\ContentReplaceBehavior [ RunTime:0.000057s ]
INFO: [ template_filter ] --END-- [ RunTime:0.000099s ]
INFO: Run Behavior\ParseTemplateBehavior [ RunTime:0.045573s ]
INFO: [ view_parse ] --END-- [ RunTime:0.045622s ]
INFO: [ view_filter ] --START--
INFO: Run Behavior\WriteHtmlCacheBehavior [ RunTime:0.001332s ]
INFO: [ view_filter ] --END-- [ RunTime:0.001363s ]
INFO: [ app_end ] --START--
INFO: Run Behavior\ShowPageTraceBehavior [ RunTime:0.001320s ]
INFO: [ app_end ] --END-- [ RunTime:0.001355s ]

[ 2016-06-26T23:54:19+08:00 ] 127.0.0.1 /Home/Index/server_center.html
INFO: [ app_init ] --START--
INFO: Run Behavior\BuildLiteBehavior [ RunTime:0.000012s ]
INFO: [ app_init ] --END-- [ RunTime:0.000309s ]
INFO: [ app_begin ] --START--
INFO: Run Behavior\ReadHtmlCacheBehavior [ RunTime:0.001410s ]
INFO: [ app_begin ] --END-- [ RunTime:0.001465s ]
SQL: SHOW COLUMNS FROM `reply` [ RunTime:0.0077s ]
SQL: SELECT COUNT(*) AS tp_count FROM `reply` WHERE `rep_status` = 0 AND `uname` = 'a12345' LIMIT 1   [ RunTime:0.0003s ]
INFO: [ view_parse ] --START--
INFO: [ template_filter ] --START--
INFO: Run Behavior\ContentReplaceBehavior [ RunTime:0.000089s ]
INFO: [ template_filter ] --END-- [ RunTime:0.000130s ]
INFO: Run Behavior\ParseTemplateBehavior [ RunTime:0.045806s ]
INFO: [ view_parse ] --END-- [ RunTime:0.045856s ]
INFO: [ view_filter ] --START--
INFO: Run Behavior\WriteHtmlCacheBehavior [ RunTime:0.001347s ]
INFO: [ view_filter ] --END-- [ RunTime:0.001375s ]
INFO: [ app_end ] --START--
INFO: Run Behavior\ShowPageTraceBehavior [ RunTime:0.002008s ]
INFO: [ app_end ] --END-- [ RunTime:0.002052s ]

[ 2016-06-26T23:55:43+08:00 ] 127.0.0.1 /Home/Index/index.html
INFO: [ app_init ] --START--
INFO: Run Behavior\BuildLiteBehavior [ RunTime:0.000012s ]
INFO: [ app_init ] --END-- [ RunTime:0.000351s ]
INFO: [ app_begin ] --START--
INFO: Run Behavior\ReadHtmlCacheBehavior [ RunTime:0.001268s ]
INFO: [ app_begin ] --END-- [ RunTime:0.001319s ]
SQL: SHOW COLUMNS FROM `reply` [ RunTime:0.0094s ]
SQL: SELECT COUNT(*) AS tp_count FROM `reply` WHERE `rep_status` = 0 AND `uname` = 'a12345' LIMIT 1   [ RunTime:0.0002s ]
SQL: SHOW COLUMNS FROM `goods` [ RunTime:0.0036s ]
SQL: SHOW COLUMNS FROM `bulletin` [ RunTime:0.0059s ]
SQL: SELECT * FROM `goods` INNER JOIN wellbad ON goods.goods_id = wellbad.goods_id  ORDER BY wells DESC LIMIT 6   [ RunTime:0.0004s ]
SQL: SHOW COLUMNS FROM `goodtype` [ RunTime:0.0051s ]
SQL: SELECT * FROM `goodtype`  [ RunTime:0.0002s ]
SQL: SELECT * FROM `bulletin` ORDER BY bul_startime DESC LIMIT 5   [ RunTime:0.0002s ]
INFO: [ view_parse ] --START--
INFO: [ template_filter ] --START--
INFO: Run Behavior\ContentReplaceBehavior [ RunTime:0.000058s ]
INFO: [ template_filter ] --END-- [ RunTime:0.000096s ]
NOTIC: [8] Undefined variable: page G:\UPUPW_AP5.6\htdocs\Application\Runtime\Cache\Home\2a94b8bda04ff446dcedd42276fc99ee.php 第 168 行.
INFO: Run Behavior\ParseTemplateBehavior [ RunTime:0.052689s ]
INFO: [ view_parse ] --END-- [ RunTime:0.052750s ]
INFO: [ view_filter ] --START--
INFO: Run Behavior\WriteHtmlCacheBehavior [ RunTime:0.001311s ]
INFO: [ view_filter ] --END-- [ RunTime:0.001340s ]
INFO: [ app_end ] --START--
INFO: Run Behavior\ShowPageTraceBehavior [ RunTime:0.001270s ]
INFO: [ app_end ] --END-- [ RunTime:0.001315s ]

