[ 2016-06-23T08:55:37+08:00 ] 127.0.0.1 /
INFO: [ app_init ] --START--
INFO: Run Behavior\BuildLiteBehavior [ RunTime:0.000013s ]
INFO: [ app_init ] --END-- [ RunTime:0.010427s ]
INFO: [ app_begin ] --START--
INFO: Run Behavior\ReadHtmlCacheBehavior [ RunTime:0.014635s ]
INFO: [ app_begin ] --END-- [ RunTime:0.014701s ]
SQL: SHOW COLUMNS FROM `reply` [ RunTime:0.0077s ]
SQL: SELECT COUNT(*) AS tp_count FROM `reply` WHERE `rep_status` = 0 AND `uname` = null LIMIT 1   [ RunTime:0.0003s ]
SQL: SHOW COLUMNS FROM `goods` [ RunTime:0.0033s ]
SQL: SHOW COLUMNS FROM `bulletin` [ RunTime:0.0053s ]
SQL: SELECT * FROM `goods` INNER JOIN wellbad ON goods.goods_id = wellbad.goods_id  ORDER BY wells DESC LIMIT 6   [ RunTime:0.0006s ]
SQL: SHOW COLUMNS FROM `goodtype` [ RunTime:0.0054s ]
SQL: SELECT * FROM `goodtype`  [ RunTime:0.0002s ]
SQL: SELECT * FROM `bulletin` ORDER BY bul_startime DESC LIMIT 5   [ RunTime:0.0002s ]
INFO: [ view_parse ] --START--
INFO: [ template_filter ] --START--
INFO: Run Behavior\ContentReplaceBehavior [ RunTime:0.000084s ]
INFO: [ template_filter ] --END-- [ RunTime:0.000132s ]
NOTIC: [8] Undefined variable: page G:\UPUPW_AP5.6\htdocs\Application\Runtime\Cache\Home\2a94b8bda04ff446dcedd42276fc99ee.php 第 168 行.
INFO: Run Behavior\ParseTemplateBehavior [ RunTime:0.201923s ]
INFO: [ view_parse ] --END-- [ RunTime:0.201985s ]
INFO: [ view_filter ] --START--
INFO: Run Behavior\WriteHtmlCacheBehavior [ RunTime:0.009403s ]
INFO: [ view_filter ] --END-- [ RunTime:0.009451s ]
INFO: [ app_end ] --START--
INFO: Run Behavior\ShowPageTraceBehavior [ RunTime:0.020219s ]
INFO: [ app_end ] --END-- [ RunTime:0.020266s ]

[ 2016-06-23T08:56:56+08:00 ] 127.0.0.1 /Home/Index/search.html?search_name=C
INFO: [ app_init ] --START--
INFO: Run Behavior\BuildLiteBehavior [ RunTime:0.000019s ]
INFO: [ app_init ] --END-- [ RunTime:0.000850s ]
INFO: [ app_begin ] --START--
INFO: Run Behavior\ReadHtmlCacheBehavior [ RunTime:0.001291s ]
INFO: [ app_begin ] --END-- [ RunTime:0.001337s ]
SQL: SHOW COLUMNS FROM `reply` [ RunTime:0.0086s ]
SQL: SELECT COUNT(*) AS tp_count FROM `reply` WHERE `rep_status` = 0 AND `uname` = null LIMIT 1   [ RunTime:0.0003s ]
SQL: SHOW COLUMNS FROM `goods` [ RunTime:0.0032s ]
SQL: SELECT COUNT(*) AS tp_count FROM `goods` WHERE `goods_name` LIKE '%C%' LIMIT 1   [ RunTime:0.0003s ]
SQL: SELECT * FROM `goods` WHERE `goods_name` LIKE '%C%' ORDER BY goods_id DESC LIMIT 0,6   [ RunTime:0.0004s ]
SQL: SHOW COLUMNS FROM `goodtype` [ RunTime:0.0057s ]
SQL: SELECT * FROM `goodtype`  [ RunTime:0.0003s ]
INFO: [ view_parse ] --START--
INFO: [ template_filter ] --START--
INFO: Run Behavior\ContentReplaceBehavior [ RunTime:0.000044s ]
INFO: [ template_filter ] --END-- [ RunTime:0.000082s ]
INFO: Run Behavior\ParseTemplateBehavior [ RunTime:0.065582s ]
INFO: [ view_parse ] --END-- [ RunTime:0.065638s ]
INFO: [ view_filter ] --START--
INFO: Run Behavior\WriteHtmlCacheBehavior [ RunTime:0.001354s ]
INFO: [ view_filter ] --END-- [ RunTime:0.001382s ]
INFO: [ app_end ] --START--
INFO: Run Behavior\ShowPageTraceBehavior [ RunTime:0.001294s ]
INFO: [ app_end ] --END-- [ RunTime:0.001323s ]

[ 2016-06-23T08:57:00+08:00 ] 127.0.0.1 /Home/Index/search/search_name/C/p/2.html
INFO: [ app_init ] --START--
INFO: Run Behavior\BuildLiteBehavior [ RunTime:0.000030s ]
INFO: [ app_init ] --END-- [ RunTime:0.000583s ]
INFO: [ app_begin ] --START--
INFO: Run Behavior\ReadHtmlCacheBehavior [ RunTime:0.001462s ]
INFO: [ app_begin ] --END-- [ RunTime:0.001516s ]
SQL: SHOW COLUMNS FROM `reply` [ RunTime:0.0080s ]
SQL: SELECT COUNT(*) AS tp_count FROM `reply` WHERE `rep_status` = 0 AND `uname` = null LIMIT 1   [ RunTime:0.0002s ]
SQL: SHOW COLUMNS FROM `goods` [ RunTime:0.0041s ]
SQL: SELECT COUNT(*) AS tp_count FROM `goods` WHERE `goods_name` LIKE '%C%' LIMIT 1   [ RunTime:0.0002s ]
SQL: SELECT * FROM `goods` WHERE `goods_name` LIKE '%C%' ORDER BY goods_id DESC LIMIT 6,6   [ RunTime:0.0002s ]
SQL: SHOW COLUMNS FROM `goodtype` [ RunTime:0.0050s ]
SQL: SELECT * FROM `goodtype`  [ RunTime:0.0002s ]
INFO: [ view_parse ] --START--
INFO: [ template_filter ] --START--
INFO: Run Behavior\ContentReplaceBehavior [ RunTime:0.000071s ]
INFO: [ template_filter ] --END-- [ RunTime:0.000138s ]
INFO: Run Behavior\ParseTemplateBehavior [ RunTime:0.017485s ]
INFO: [ view_parse ] --END-- [ RunTime:0.017556s ]
INFO: [ view_filter ] --START--
INFO: Run Behavior\WriteHtmlCacheBehavior [ RunTime:0.001354s ]
INFO: [ view_filter ] --END-- [ RunTime:0.001387s ]
INFO: [ app_end ] --START--
INFO: Run Behavior\ShowPageTraceBehavior [ RunTime:0.001264s ]
INFO: [ app_end ] --END-- [ RunTime:0.001294s ]

[ 2016-06-23T09:05:00+08:00 ] 127.0.0.1 /Home/Index/index.html
INFO: [ app_init ] --START--
INFO: Run Behavior\BuildLiteBehavior [ RunTime:0.000010s ]
INFO: [ app_init ] --END-- [ RunTime:0.000312s ]
INFO: [ app_begin ] --START--
INFO: Run Behavior\ReadHtmlCacheBehavior [ RunTime:0.001275s ]
INFO: [ app_begin ] --END-- [ RunTime:0.001331s ]
SQL: SHOW COLUMNS FROM `reply` [ RunTime:0.0094s ]
SQL: SELECT COUNT(*) AS tp_count FROM `reply` WHERE `rep_status` = 0 AND `uname` = null LIMIT 1   [ RunTime:0.0002s ]
SQL: SHOW COLUMNS FROM `goods` [ RunTime:0.0033s ]
SQL: SHOW COLUMNS FROM `bulletin` [ RunTime:0.0053s ]
SQL: SELECT * FROM `goods` INNER JOIN wellbad ON goods.goods_id = wellbad.goods_id  ORDER BY wells DESC LIMIT 6   [ RunTime:0.0004s ]
SQL: SHOW COLUMNS FROM `goodtype` [ RunTime:0.0055s ]
SQL: SELECT * FROM `goodtype`  [ RunTime:0.0002s ]
SQL: SELECT * FROM `bulletin` ORDER BY bul_startime DESC LIMIT 5   [ RunTime:0.0002s ]
INFO: [ view_parse ] --START--
INFO: [ template_filter ] --START--
INFO: Run Behavior\ContentReplaceBehavior [ RunTime:0.000062s ]
INFO: [ template_filter ] --END-- [ RunTime:0.000098s ]
NOTIC: [8] Undefined variable: page G:\UPUPW_AP5.6\htdocs\Application\Runtime\Cache\Home\2a94b8bda04ff446dcedd42276fc99ee.php 第 168 行.
INFO: Run Behavior\ParseTemplateBehavior [ RunTime:0.050930s ]
INFO: [ view_parse ] --END-- [ RunTime:0.051018s ]
INFO: [ view_filter ] --START--
INFO: Run Behavior\WriteHtmlCacheBehavior [ RunTime:0.001963s ]
INFO: [ view_filter ] --END-- [ RunTime:0.002008s ]
INFO: [ app_end ] --START--
INFO: Run Behavior\ShowPageTraceBehavior [ RunTime:0.001262s ]
INFO: [ app_end ] --END-- [ RunTime:0.001294s ]

