[ 2016-06-16T19:19:35+08:00 ] 127.0.0.1 /favicon.ico
INFO: [ app_init ] --START--
INFO: Run Behavior\BuildLiteBehavior [ RunTime:0.000010s ]
INFO: [ app_init ] --END-- [ RunTime:0.000319s ]
ERR: 无法加载模块:Favicon

[ 2016-06-16T19:32:13+08:00 ] 127.0.0.1 /favicon.ico
INFO: [ app_init ] --START--
INFO: Run Behavior\BuildLiteBehavior [ RunTime:0.000011s ]
INFO: [ app_init ] --END-- [ RunTime:0.000356s ]
ERR: 无法加载模块:Favicon

[ 2016-06-16T19:32:38+08:00 ] 127.0.0.1 //cdn.bootcss.com/jquery/1.11.3/jquery.min.js
INFO: [ app_init ] --START--
INFO: Run Behavior\BuildLiteBehavior [ RunTime:0.000018s ]
INFO: [ app_init ] --END-- [ RunTime:0.001292s ]
ERR: 无法加载模块:Cdn.bootcss.com

[ 2016-06-16T19:32:38+08:00 ] 127.0.0.1 //cdn.bootcss.com/bootstrap/3.3.5/js/bootstrap.min.js
INFO: [ app_init ] --START--
INFO: Run Behavior\BuildLiteBehavior [ RunTime:0.000014s ]
INFO: [ app_init ] --END-- [ RunTime:0.000523s ]
ERR: 无法加载模块:Cdn.bootcss.com

[ 2016-06-16T19:32:42+08:00 ] 127.0.0.1 /Public/bootstrap/js/i18n/defaults-*.min.js
INFO: [ app_init ] --START--
INFO: Run Behavior\BuildLiteBehavior [ RunTime:0.000011s ]
INFO: [ app_init ] --END-- [ RunTime:0.000339s ]
ERR: 无法加载模块:ErrorFiles

[ 2016-06-16T19:32:42+08:00 ] 127.0.0.1 /Public/bootstrap/js/i18n/defaults-*.min.js
INFO: [ app_init ] --START--
INFO: Run Behavior\BuildLiteBehavior [ RunTime:0.000016s ]
INFO: [ app_init ] --END-- [ RunTime:0.000546s ]
ERR: 无法加载模块:ErrorFiles

[ 2016-06-16T19:32:43+08:00 ] 127.0.0.1 /Public/bootstrap/js/i18n/defaults-*.min.js
INFO: [ app_init ] --START--
INFO: Run Behavior\BuildLiteBehavior [ RunTime:0.000010s ]
INFO: [ app_init ] --END-- [ RunTime:0.000543s ]
ERR: 无法加载模块:ErrorFiles

[ 2016-06-16T19:35:06+08:00 ] 127.0.0.1 //cdn.bootcss.com/bootstrap/3.3.5/js/bootstrap.min.js
INFO: [ app_init ] --START--
INFO: Run Behavior\BuildLiteBehavior [ RunTime:0.000018s ]
INFO: [ app_init ] --END-- [ RunTime:0.001105s ]
ERR: 无法加载模块:Cdn.bootcss.com

[ 2016-06-16T19:35:06+08:00 ] 127.0.0.1 //cdn.bootcss.com/jquery/1.11.3/jquery.min.js
INFO: [ app_init ] --START--
INFO: Run Behavior\BuildLiteBehavior [ RunTime:0.000011s ]
INFO: [ app_init ] --END-- [ RunTime:0.000327s ]
ERR: 无法加载模块:Cdn.bootcss.com

[ 2016-06-16T19:35:40+08:00 ] 127.0.0.1 //cdn.bootcss.com/bootstrap/3.3.5/js/bootstrap.min.js
INFO: [ app_init ] --START--
INFO: Run Behavior\BuildLiteBehavior [ RunTime:0.000010s ]
INFO: [ app_init ] --END-- [ RunTime:0.000372s ]
ERR: 无法加载模块:Cdn.bootcss.com

[ 2016-06-16T19:35:41+08:00 ] 127.0.0.1 //cdn.bootcss.com/jquery/1.11.3/jquery.min.js
INFO: [ app_init ] --START--
INFO: Run Behavior\BuildLiteBehavior [ RunTime:0.000012s ]
INFO: [ app_init ] --END-- [ RunTime:0.000399s ]
ERR: 无法加载模块:Cdn.bootcss.com

[ 2016-06-16T19:36:59+08:00 ] 127.0.0.1 //cdn.bootcss.com/bootstrap/3.3.5/js/bootstrap.min.js
INFO: [ app_init ] --START--
INFO: Run Behavior\BuildLiteBehavior [ RunTime:0.000009s ]
INFO: [ app_init ] --END-- [ RunTime:0.000330s ]
ERR: 无法加载模块:Cdn.bootcss.com

[ 2016-06-16T19:36:59+08:00 ] 127.0.0.1 //cdn.bootcss.com/jquery/1.11.3/jquery.min.js
INFO: [ app_init ] --START--
INFO: Run Behavior\BuildLiteBehavior [ RunTime:0.000009s ]
INFO: [ app_init ] --END-- [ RunTime:0.000346s ]
ERR: 无法加载模块:Cdn.bootcss.com

[ 2016-06-16T19:37:02+08:00 ] 127.0.0.1 /Public/bootstrap/js/i18n/defaults-*.min.js
INFO: [ app_init ] --START--
INFO: Run Behavior\BuildLiteBehavior [ RunTime:0.000009s ]
INFO: [ app_init ] --END-- [ RunTime:0.000291s ]
ERR: 无法加载模块:ErrorFiles

[ 2016-06-16T19:51:47+08:00 ] 127.0.0.1 /Public/bootstrap/js/i18n/defaults-*.min.js
INFO: [ app_init ] --START--
INFO: Run Behavior\BuildLiteBehavior [ RunTime:0.000019s ]
INFO: [ app_init ] --END-- [ RunTime:0.000724s ]
ERR: 无法加载模块:ErrorFiles

[ 2016-06-16T19:58:05+08:00 ] 127.0.0.1 /Public/bootstrap/js/i18n/defaults-*.min.js
INFO: [ app_init ] --START--
INFO: Run Behavior\BuildLiteBehavior [ RunTime:0.000015s ]
INFO: [ app_init ] --END-- [ RunTime:0.000485s ]
ERR: 无法加载模块:ErrorFiles

[ 2016-06-16T19:59:25+08:00 ] 127.0.0.1 /Public/bootstrap/js/i18n/defaults-*.min.js
INFO: [ app_init ] --START--
INFO: Run Behavior\BuildLiteBehavior [ RunTime:0.000017s ]
INFO: [ app_init ] --END-- [ RunTime:0.000574s ]
ERR: 无法加载模块:ErrorFiles

[ 2016-06-16T20:05:09+08:00 ] 127.0.0.1 /Public/bootstrap/js/i18n/defaults-*.min.js
INFO: [ app_init ] --START--
INFO: Run Behavior\BuildLiteBehavior [ RunTime:0.000009s ]
INFO: [ app_init ] --END-- [ RunTime:0.000313s ]
ERR: 无法加载模块:ErrorFiles

[ 2016-06-16T20:17:36+08:00 ] 127.0.0.1 /Public/bootstrap/js/i18n/defaults-*.min.js
INFO: [ app_init ] --START--
INFO: Run Behavior\BuildLiteBehavior [ RunTime:0.000022s ]
INFO: [ app_init ] --END-- [ RunTime:0.000759s ]
ERR: 无法加载模块:ErrorFiles

[ 2016-06-16T20:24:44+08:00 ] 127.0.0.1 /favicon.ico
INFO: [ app_init ] --START--
INFO: Run Behavior\BuildLiteBehavior [ RunTime:0.000010s ]
INFO: [ app_init ] --END-- [ RunTime:0.000321s ]
ERR: 无法加载模块:Favicon

[ 2016-06-16T20:29:34+08:00 ] 127.0.0.1 /Public/bootstrap/js/i18n/defaults-*.min.js
INFO: [ app_init ] --START--
INFO: Run Behavior\BuildLiteBehavior [ RunTime:0.000011s ]
INFO: [ app_init ] --END-- [ RunTime:0.000330s ]
ERR: 无法加载模块:ErrorFiles

[ 2016-06-16T20:29:41+08:00 ] 127.0.0.1 /Public/bootstrap/js/i18n/defaults-*.min.js
INFO: [ app_init ] --START--
INFO: Run Behavior\BuildLiteBehavior [ RunTime:0.000010s ]
INFO: [ app_init ] --END-- [ RunTime:0.000346s ]
ERR: 无法加载模块:ErrorFiles

