[ 2016-06-20T08:16:25+08:00 ] 127.0.0.1 /favicon.ico
INFO: [ app_init ] --START--
INFO: Run Behavior\BuildLiteBehavior [ RunTime:0.000016s ]
INFO: [ app_init ] --END-- [ RunTime:0.053358s ]
ERR: 无法加载模块:Favicon

[ 2016-06-20T08:16:30+08:00 ] 127.0.0.1 /favicon.ico
INFO: [ app_init ] --START--
INFO: Run Behavior\BuildLiteBehavior [ RunTime:0.000009s ]
INFO: [ app_init ] --END-- [ RunTime:0.000330s ]
ERR: 无法加载模块:Favicon

[ 2016-06-20T08:16:37+08:00 ] 127.0.0.1 /Public/bootstrap/js/i18n/defaults-*.min.js
INFO: [ app_init ] --START--
INFO: Run Behavior\BuildLiteBehavior [ RunTime:0.000011s ]
INFO: [ app_init ] --END-- [ RunTime:0.000340s ]
ERR: 无法加载模块:ErrorFiles

[ 2016-06-20T08:17:26+08:00 ] 127.0.0.1 /favicon.ico
INFO: [ app_init ] --START--
INFO: Run Behavior\BuildLiteBehavior [ RunTime:0.000008s ]
INFO: [ app_init ] --END-- [ RunTime:0.000315s ]
ERR: 无法加载模块:Favicon

[ 2016-06-20T08:17:28+08:00 ] 127.0.0.1 /favicon.ico
INFO: [ app_init ] --START--
INFO: Run Behavior\BuildLiteBehavior [ RunTime:0.000015s ]
INFO: [ app_init ] --END-- [ RunTime:0.000510s ]
ERR: 无法加载模块:Favicon

[ 2016-06-20T08:17:36+08:00 ] 127.0.0.1 /Public/bootstrap/js/i18n/defaults-*.min.js
INFO: [ app_init ] --START--
INFO: Run Behavior\BuildLiteBehavior [ RunTime:0.000011s ]
INFO: [ app_init ] --END-- [ RunTime:0.000335s ]
ERR: 无法加载模块:ErrorFiles

[ 2016-06-20T08:18:31+08:00 ] 127.0.0.1 /Public/bootstrap/js/i18n/defaults-*.min.js
INFO: [ app_init ] --START--
INFO: Run Behavior\BuildLiteBehavior [ RunTime:0.000016s ]
INFO: [ app_init ] --END-- [ RunTime:0.000382s ]
ERR: 无法加载模块:ErrorFiles

[ 2016-06-20T08:18:31+08:00 ] 127.0.0.1 /Public/bootstrap/js/i18n/defaults-*.min.js
INFO: [ app_init ] --START--
INFO: Run Behavior\BuildLiteBehavior [ RunTime:0.000017s ]
INFO: [ app_init ] --END-- [ RunTime:0.000629s ]
ERR: 无法加载模块:ErrorFiles

[ 2016-06-20T08:19:21+08:00 ] 127.0.0.1 /favicon.ico
INFO: [ app_init ] --START--
INFO: Run Behavior\BuildLiteBehavior [ RunTime:0.000010s ]
INFO: [ app_init ] --END-- [ RunTime:0.000324s ]
ERR: 无法加载模块:Favicon

[ 2016-06-20T08:19:53+08:00 ] 127.0.0.1 /Public/bootstrap/js/i18n/defaults-*.min.js
INFO: [ app_init ] --START--
INFO: Run Behavior\BuildLiteBehavior [ RunTime:0.000018s ]
INFO: [ app_init ] --END-- [ RunTime:0.000608s ]
ERR: 无法加载模块:ErrorFiles

[ 2016-06-20T08:22:52+08:00 ] 127.0.0.1 /Public/bootstrap/js/i18n/defaults-*.min.js
INFO: [ app_init ] --START--
INFO: Run Behavior\BuildLiteBehavior [ RunTime:0.000021s ]
INFO: [ app_init ] --END-- [ RunTime:0.000603s ]
ERR: 无法加载模块:ErrorFiles

[ 2016-06-20T08:30:11+08:00 ] 127.0.0.1 /Public/bootstrap/js/i18n/defaults-*.min.js
INFO: [ app_init ] --START--
INFO: Run Behavior\BuildLiteBehavior [ RunTime:0.000022s ]
INFO: [ app_init ] --END-- [ RunTime:0.000531s ]
ERR: 无法加载模块:ErrorFiles

[ 2016-06-20T08:34:36+08:00 ] 127.0.0.1 /Public/bootstrap/js/i18n/defaults-*.min.js
INFO: [ app_init ] --START--
INFO: Run Behavior\BuildLiteBehavior [ RunTime:0.000016s ]
INFO: [ app_init ] --END-- [ RunTime:0.000578s ]
ERR: 无法加载模块:ErrorFiles

[ 2016-06-20T08:37:17+08:00 ] 127.0.0.1 /Public/bootstrap/js/i18n/defaults-*.min.js
INFO: [ app_init ] --START--
INFO: Run Behavior\BuildLiteBehavior [ RunTime:0.000010s ]
INFO: [ app_init ] --END-- [ RunTime:0.000318s ]
ERR: 无法加载模块:ErrorFiles

[ 2016-06-20T08:43:08+08:00 ] 127.0.0.1 /Public/bootstrap/js/i18n/defaults-*.min.js
INFO: [ app_init ] --START--
INFO: Run Behavior\BuildLiteBehavior [ RunTime:0.000015s ]
INFO: [ app_init ] --END-- [ RunTime:0.000490s ]
ERR: 无法加载模块:ErrorFiles

[ 2016-06-20T08:46:02+08:00 ] 127.0.0.1 /Public/bootstrap/js/i18n/defaults-*.min.js
INFO: [ app_init ] --START--
INFO: Run Behavior\BuildLiteBehavior [ RunTime:0.000009s ]
INFO: [ app_init ] --END-- [ RunTime:0.000305s ]
ERR: 无法加载模块:ErrorFiles

[ 2016-06-20T08:51:34+08:00 ] 127.0.0.1 /Public/bootstrap/js/i18n/defaults-*.min.js
INFO: [ app_init ] --START--
INFO: Run Behavior\BuildLiteBehavior [ RunTime:0.000014s ]
INFO: [ app_init ] --END-- [ RunTime:0.000448s ]
ERR: 无法加载模块:ErrorFiles

[ 2016-06-20T08:54:32+08:00 ] 127.0.0.1 /Public/bootstrap/js/i18n/defaults-*.min.js
INFO: [ app_init ] --START--
INFO: Run Behavior\BuildLiteBehavior [ RunTime:0.000015s ]
INFO: [ app_init ] --END-- [ RunTime:0.000509s ]
ERR: 无法加载模块:ErrorFiles

[ 2016-06-20T08:59:29+08:00 ] 127.0.0.1 /Public/bootstrap/js/i18n/defaults-*.min.js
INFO: [ app_init ] --START--
INFO: Run Behavior\BuildLiteBehavior [ RunTime:0.000012s ]
INFO: [ app_init ] --END-- [ RunTime:0.000331s ]
ERR: 无法加载模块:ErrorFiles

[ 2016-06-20T09:07:05+08:00 ] 127.0.0.1 /Public/bootstrap/js/i18n/defaults-*.min.js
INFO: [ app_init ] --START--
INFO: Run Behavior\BuildLiteBehavior [ RunTime:0.000014s ]
INFO: [ app_init ] --END-- [ RunTime:0.000469s ]
ERR: 无法加载模块:ErrorFiles

[ 2016-06-20T09:19:24+08:00 ] 127.0.0.1 /Public/bootstrap/js/i18n/defaults-*.min.js
INFO: [ app_init ] --START--
INFO: Run Behavior\BuildLiteBehavior [ RunTime:0.000016s ]
INFO: [ app_init ] --END-- [ RunTime:0.000556s ]
ERR: 无法加载模块:ErrorFiles

[ 2016-06-20T09:45:37+08:00 ] 127.0.0.1 /Public/bootstrap/js/i18n/defaults-*.min.js
INFO: [ app_init ] --START--
INFO: Run Behavior\BuildLiteBehavior [ RunTime:0.000011s ]
INFO: [ app_init ] --END-- [ RunTime:0.000332s ]
ERR: 无法加载模块:ErrorFiles

[ 2016-06-20T12:02:56+08:00 ] 127.0.0.1 /favicon.ico
INFO: [ app_init ] --START--
INFO: Run Behavior\BuildLiteBehavior [ RunTime:0.000017s ]
INFO: [ app_init ] --END-- [ RunTime:0.000572s ]
ERR: 无法加载模块:Favicon

