[ 2016-06-22T21:11:09+08:00 ] 127.0.0.1 /favicon.ico
INFO: [ app_init ] --START--
INFO: Run Behavior\BuildLiteBehavior [ RunTime:0.000011s ]
INFO: [ app_init ] --END-- [ RunTime:0.000338s ]
ERR: 无法加载模块:Favicon

[ 2016-06-22T21:28:24+08:00 ] 127.0.0.1 /Admin/Index/pro_list/see/%E5%B7%B2%E9%98%85/p/2.html
INFO: [ app_init ] --START--
INFO: Run Behavior\BuildLiteBehavior [ RunTime:0.000012s ]
INFO: [ app_init ] --END-- [ RunTime:0.000375s ]
ERR: 无法加载模块:ErrorFiles

[ 2016-06-22T21:28:31+08:00 ] 127.0.0.1 /Admin/Index/pro_list/see/%E5%B7%B2%E9%98%85/p/3.html
INFO: [ app_init ] --START--
INFO: Run Behavior\BuildLiteBehavior [ RunTime:0.000012s ]
INFO: [ app_init ] --END-- [ RunTime:0.000392s ]
ERR: 无法加载模块:ErrorFiles

[ 2016-06-22T21:28:38+08:00 ] 127.0.0.1 /Admin/Index/pro_list/see/%E5%B7%B2%E9%98%85/p/2.html
INFO: [ app_init ] --START--
INFO: Run Behavior\BuildLiteBehavior [ RunTime:0.000015s ]
INFO: [ app_init ] --END-- [ RunTime:0.000384s ]
ERR: 无法加载模块:ErrorFiles

[ 2016-06-22T21:28:48+08:00 ] 127.0.0.1 /Admin/Index/pro_list/see/%E5%B7%B2%E9%98%85/p/2.html
INFO: [ app_init ] --START--
INFO: Run Behavior\BuildLiteBehavior [ RunTime:0.000017s ]
INFO: [ app_init ] --END-- [ RunTime:0.000487s ]
ERR: 无法加载模块:ErrorFiles

[ 2016-06-22T21:29:53+08:00 ] 127.0.0.1 /Admin/Index/pro_list/see/%E5%B7%B2%E9%98%85/p/2.html
INFO: [ app_init ] --START--
INFO: Run Behavior\BuildLiteBehavior [ RunTime:0.000011s ]
INFO: [ app_init ] --END-- [ RunTime:0.000336s ]
ERR: 无法加载模块:ErrorFiles

[ 2016-06-22T21:31:11+08:00 ] 127.0.0.1 /Admin/Index/pro_list/see/%E5%B7%B2%E9%98%85/p/3.html
INFO: [ app_init ] --START--
INFO: Run Behavior\BuildLiteBehavior [ RunTime:0.000009s ]
INFO: [ app_init ] --END-- [ RunTime:0.000334s ]
ERR: 无法加载模块:ErrorFiles

[ 2016-06-22T21:31:24+08:00 ] 127.0.0.1 /Admin/Index/pro_list/see/%E5%B7%B2%E9%98%85/p/2.html
INFO: [ app_init ] --START--
INFO: Run Behavior\BuildLiteBehavior [ RunTime:0.000010s ]
INFO: [ app_init ] --END-- [ RunTime:0.000330s ]
ERR: 无法加载模块:ErrorFiles

[ 2016-06-22T21:37:59+08:00 ] 127.0.0.1 /Admin/Index/pro_list/pro_status1/1/pro_status2/0/see/%E5%B7%B2%E9%98%85/p/2.html
INFO: [ app_init ] --START--
INFO: Run Behavior\BuildLiteBehavior [ RunTime:0.000009s ]
INFO: [ app_init ] --END-- [ RunTime:0.000348s ]
ERR: 无法加载模块:ErrorFiles

[ 2016-06-22T21:38:05+08:00 ] 127.0.0.1 /Admin/Index/pro_list/pro_status1/1/pro_status2/0/see/%E5%B7%B2%E9%98%85/p/2.html
INFO: [ app_init ] --START--
INFO: Run Behavior\BuildLiteBehavior [ RunTime:0.000012s ]
INFO: [ app_init ] --END-- [ RunTime:0.000398s ]
ERR: 无法加载模块:ErrorFiles

[ 2016-06-22T21:38:10+08:00 ] 127.0.0.1 /Admin/Index/pro_list/pro_status1/1/pro_status2/0/see/%E5%B7%B2%E9%98%85/p/2.html
INFO: [ app_init ] --START--
INFO: Run Behavior\BuildLiteBehavior [ RunTime:0.000010s ]
INFO: [ app_init ] --END-- [ RunTime:0.000343s ]
ERR: 无法加载模块:ErrorFiles

[ 2016-06-22T21:38:40+08:00 ] 127.0.0.1 /Admin/Index/pro_list/see/%E9%98%85/p/2.html
INFO: [ app_init ] --START--
INFO: Run Behavior\BuildLiteBehavior [ RunTime:0.000010s ]
INFO: [ app_init ] --END-- [ RunTime:0.000319s ]
ERR: 无法加载模块:ErrorFiles

[ 2016-06-22T22:06:15+08:00 ] 127.0.0.1 /favicon.ico
INFO: [ app_init ] --START--
INFO: Run Behavior\BuildLiteBehavior [ RunTime:0.000011s ]
INFO: [ app_init ] --END-- [ RunTime:0.000338s ]
ERR: 无法加载模块:Favicon

[ 2016-06-22T22:11:36+08:00 ] 127.0.0.1 /Public/assets/img/Bulletin/576a9be356007.jpeg
INFO: [ app_init ] --START--
INFO: Run Behavior\BuildLiteBehavior [ RunTime:0.000011s ]
INFO: [ app_init ] --END-- [ RunTime:0.000403s ]
ERR: 无法加载模块:Public

[ 2016-06-22T22:11:36+08:00 ] 127.0.0.1 /Public/assets/img/Bulletin/576a9bc73f407.jpg
INFO: [ app_init ] --START--
INFO: Run Behavior\BuildLiteBehavior [ RunTime:0.000016s ]
INFO: [ app_init ] --END-- [ RunTime:0.000577s ]
ERR: 无法加载模块:Public

[ 2016-06-22T22:11:36+08:00 ] 127.0.0.1 /Public/assets/img/Bulletin/576a9bb8c917c.JPG
INFO: [ app_init ] --START--
INFO: Run Behavior\BuildLiteBehavior [ RunTime:0.000018s ]
INFO: [ app_init ] --END-- [ RunTime:0.000907s ]
ERR: 无法加载模块:Public

[ 2016-06-22T22:11:36+08:00 ] 127.0.0.1 /Public/assets/img/Bulletin/576a9b8222c22.jpg
INFO: [ app_init ] --START--
INFO: Run Behavior\BuildLiteBehavior [ RunTime:0.000013s ]
INFO: [ app_init ] --END-- [ RunTime:0.000557s ]
ERR: 无法加载模块:Public

[ 2016-06-22T22:11:36+08:00 ] 127.0.0.1 /Public/assets/img/Bulletin/576a9ba983bde.jpg
INFO: [ app_init ] --START--
INFO: Run Behavior\BuildLiteBehavior [ RunTime:0.000016s ]
INFO: [ app_init ] --END-- [ RunTime:0.000570s ]
ERR: 无法加载模块:Public

[ 2016-06-22T22:11:36+08:00 ] 127.0.0.1 /Public/assets/img/Bulletin/576a9be356007.jpeg
INFO: [ app_init ] --START--
INFO: Run Behavior\BuildLiteBehavior [ RunTime:0.000011s ]
INFO: [ app_init ] --END-- [ RunTime:0.000363s ]
ERR: 无法加载模块:Public

