[ 2016-06-13T12:25:42+08:00 ] 127.0.0.1 /favicon.ico
INFO: [ app_init ] --START--
INFO: Run Behavior\BuildLiteBehavior [ RunTime:0.000011s ]
INFO: [ app_init ] --END-- [ RunTime:0.000370s ]
ERR: 无法加载模块:Favicon

[ 2016-06-13T13:01:14+08:00 ] 127.0.0.1 /favicon.ico
INFO: [ app_init ] --START--
INFO: Run Behavior\BuildLiteBehavior [ RunTime:0.000016s ]
INFO: [ app_init ] --END-- [ RunTime:0.000576s ]
ERR: 无法加载模块:Favicon

[ 2016-06-13T13:01:30+08:00 ] 127.0.0.1 /favicon.ico
INFO: [ app_init ] --START--
INFO: Run Behavior\BuildLiteBehavior [ RunTime:0.000013s ]
INFO: [ app_init ] --END-- [ RunTime:0.000422s ]
ERR: 无法加载模块:Favicon

[ 2016-06-13T13:05:42+08:00 ] 127.0.0.1 /favicon.ico
INFO: [ app_init ] --START--
INFO: Run Behavior\BuildLiteBehavior [ RunTime:0.000013s ]
INFO: [ app_init ] --END-- [ RunTime:0.000442s ]
ERR: 无法加载模块:Favicon

[ 2016-06-13T14:41:32+08:00 ] 127.0.0.1 /Public/images//
INFO: [ app_init ] --START--
INFO: Run Behavior\BuildLiteBehavior [ RunTime:0.000018s ]
INFO: [ app_init ] --END-- [ RunTime:0.000798s ]
ERR: 无法加载模块:ErrorFiles

[ 2016-06-13T14:42:04+08:00 ] 127.0.0.1 /Public/images//
INFO: [ app_init ] --START--
INFO: Run Behavior\BuildLiteBehavior [ RunTime:0.000015s ]
INFO: [ app_init ] --END-- [ RunTime:0.000530s ]
ERR: 无法加载模块:ErrorFiles

[ 2016-06-13T14:42:04+08:00 ] 127.0.0.1 /Public/images//
INFO: [ app_init ] --START--
INFO: Run Behavior\BuildLiteBehavior [ RunTime:0.000014s ]
INFO: [ app_init ] --END-- [ RunTime:0.000526s ]
ERR: 无法加载模块:ErrorFiles

[ 2016-06-13T14:42:12+08:00 ] 127.0.0.1 /Public/images//
INFO: [ app_init ] --START--
INFO: Run Behavior\BuildLiteBehavior [ RunTime:0.000020s ]
INFO: [ app_init ] --END-- [ RunTime:0.000611s ]
ERR: 无法加载模块:ErrorFiles

[ 2016-06-13T14:42:12+08:00 ] 127.0.0.1 /Public/images//
INFO: [ app_init ] --START--
INFO: Run Behavior\BuildLiteBehavior [ RunTime:0.000010s ]
INFO: [ app_init ] --END-- [ RunTime:0.000353s ]
ERR: 无法加载模块:ErrorFiles

[ 2016-06-13T14:43:53+08:00 ] 127.0.0.1 /Public/images//
INFO: [ app_init ] --START--
INFO: Run Behavior\BuildLiteBehavior [ RunTime:0.000019s ]
INFO: [ app_init ] --END-- [ RunTime:0.000629s ]
ERR: 无法加载模块:ErrorFiles

[ 2016-06-13T14:44:19+08:00 ] 127.0.0.1 /Public/images//
INFO: [ app_init ] --START--
INFO: Run Behavior\BuildLiteBehavior [ RunTime:0.000012s ]
INFO: [ app_init ] --END-- [ RunTime:0.000404s ]
ERR: 无法加载模块:ErrorFiles

[ 2016-06-13T14:44:19+08:00 ] 127.0.0.1 /Public/images//
INFO: [ app_init ] --START--
INFO: Run Behavior\BuildLiteBehavior [ RunTime:0.000012s ]
INFO: [ app_init ] --END-- [ RunTime:0.000494s ]
ERR: 无法加载模块:ErrorFiles

[ 2016-06-13T14:44:22+08:00 ] 127.0.0.1 /Public/images//
INFO: [ app_init ] --START--
INFO: Run Behavior\BuildLiteBehavior [ RunTime:0.000019s ]
INFO: [ app_init ] --END-- [ RunTime:0.001407s ]
ERR: 无法加载模块:ErrorFiles

[ 2016-06-13T14:44:23+08:00 ] 127.0.0.1 /Public/images//
INFO: [ app_init ] --START--
INFO: Run Behavior\BuildLiteBehavior [ RunTime:0.000013s ]
INFO: [ app_init ] --END-- [ RunTime:0.000339s ]
ERR: 无法加载模块:ErrorFiles

[ 2016-06-13T14:45:14+08:00 ] 127.0.0.1 /Public/images//
INFO: [ app_init ] --START--
INFO: Run Behavior\BuildLiteBehavior [ RunTime:0.000011s ]
INFO: [ app_init ] --END-- [ RunTime:0.000338s ]
ERR: 无法加载模块:ErrorFiles

[ 2016-06-13T14:45:14+08:00 ] 127.0.0.1 /Public/images//
INFO: [ app_init ] --START--
INFO: Run Behavior\BuildLiteBehavior [ RunTime:0.000011s ]
INFO: [ app_init ] --END-- [ RunTime:0.000452s ]
ERR: 无法加载模块:ErrorFiles

[ 2016-06-13T14:45:30+08:00 ] 127.0.0.1 /Public/images//
INFO: [ app_init ] --START--
INFO: Run Behavior\BuildLiteBehavior [ RunTime:0.000017s ]
INFO: [ app_init ] --END-- [ RunTime:0.000550s ]
ERR: 无法加载模块:ErrorFiles

[ 2016-06-13T14:45:30+08:00 ] 127.0.0.1 /Public/images//
INFO: [ app_init ] --START--
INFO: Run Behavior\BuildLiteBehavior [ RunTime:0.000013s ]
INFO: [ app_init ] --END-- [ RunTime:0.000490s ]
ERR: 无法加载模块:ErrorFiles

[ 2016-06-13T14:46:05+08:00 ] 127.0.0.1 /Public/images//
INFO: [ app_init ] --START--
INFO: Run Behavior\BuildLiteBehavior [ RunTime:0.000017s ]
INFO: [ app_init ] --END-- [ RunTime:0.000603s ]
ERR: 无法加载模块:ErrorFiles

[ 2016-06-13T14:47:08+08:00 ] 127.0.0.1 /Public/images//
INFO: [ app_init ] --START--
INFO: Run Behavior\BuildLiteBehavior [ RunTime:0.000011s ]
INFO: [ app_init ] --END-- [ RunTime:0.000345s ]
ERR: 无法加载模块:ErrorFiles

[ 2016-06-13T14:47:08+08:00 ] 127.0.0.1 /Public/images//
INFO: [ app_init ] --START--
INFO: Run Behavior\BuildLiteBehavior [ RunTime:0.000018s ]
INFO: [ app_init ] --END-- [ RunTime:0.000565s ]
ERR: 无法加载模块:ErrorFiles

[ 2016-06-13T14:48:21+08:00 ] 127.0.0.1 /Public/images//
INFO: [ app_init ] --START--
INFO: Run Behavior\BuildLiteBehavior [ RunTime:0.000022s ]
INFO: [ app_init ] --END-- [ RunTime:0.010558s ]
ERR: 无法加载模块:ErrorFiles

[ 2016-06-13T14:48:21+08:00 ] 127.0.0.1 /Public/images//
INFO: [ app_init ] --START--
INFO: Run Behavior\BuildLiteBehavior [ RunTime:0.000017s ]
INFO: [ app_init ] --END-- [ RunTime:0.000559s ]
ERR: 无法加载模块:ErrorFiles

[ 2016-06-13T14:48:48+08:00 ] 127.0.0.1 /Public/images//
INFO: [ app_init ] --START--
INFO: Run Behavior\BuildLiteBehavior [ RunTime:0.000013s ]
INFO: [ app_init ] --END-- [ RunTime:0.000622s ]
ERR: 无法加载模块:ErrorFiles

[ 2016-06-13T14:49:39+08:00 ] 127.0.0.1 /Public/images//
INFO: [ app_init ] --START--
INFO: Run Behavior\BuildLiteBehavior [ RunTime:0.000016s ]
INFO: [ app_init ] --END-- [ RunTime:0.000565s ]
ERR: 无法加载模块:ErrorFiles

[ 2016-06-13T14:49:39+08:00 ] 127.0.0.1 /Public/images//
INFO: [ app_init ] --START--
INFO: Run Behavior\BuildLiteBehavior [ RunTime:0.000012s ]
INFO: [ app_init ] --END-- [ RunTime:0.000364s ]
ERR: 无法加载模块:ErrorFiles

[ 2016-06-13T14:50:49+08:00 ] 127.0.0.1 /Public/images//
INFO: [ app_init ] --START--
INFO: Run Behavior\BuildLiteBehavior [ RunTime:0.000012s ]
INFO: [ app_init ] --END-- [ RunTime:0.000357s ]
ERR: 无法加载模块:ErrorFiles

[ 2016-06-13T14:50:49+08:00 ] 127.0.0.1 /Public/images//
INFO: [ app_init ] --START--
INFO: Run Behavior\BuildLiteBehavior [ RunTime:0.000022s ]
INFO: [ app_init ] --END-- [ RunTime:0.000846s ]
ERR: 无法加载模块:ErrorFiles

[ 2016-06-13T14:52:25+08:00 ] 127.0.0.1 /Public/images//
INFO: [ app_init ] --START--
INFO: Run Behavior\BuildLiteBehavior [ RunTime:0.000019s ]
INFO: [ app_init ] --END-- [ RunTime:0.000633s ]
ERR: 无法加载模块:ErrorFiles

[ 2016-06-13T14:52:25+08:00 ] 127.0.0.1 /Public/images//
INFO: [ app_init ] --START--
INFO: Run Behavior\BuildLiteBehavior [ RunTime:0.000015s ]
INFO: [ app_init ] --END-- [ RunTime:0.000535s ]
ERR: 无法加载模块:ErrorFiles

[ 2016-06-13T14:53:02+08:00 ] 127.0.0.1 /Public/images//
INFO: [ app_init ] --START--
INFO: Run Behavior\BuildLiteBehavior [ RunTime:0.000011s ]
INFO: [ app_init ] --END-- [ RunTime:0.000361s ]
ERR: 无法加载模块:ErrorFiles

[ 2016-06-13T14:53:17+08:00 ] 127.0.0.1 /Public/images//
INFO: [ app_init ] --START--
INFO: Run Behavior\BuildLiteBehavior [ RunTime:0.000014s ]
INFO: [ app_init ] --END-- [ RunTime:0.000545s ]
ERR: 无法加载模块:ErrorFiles

[ 2016-06-13T14:53:37+08:00 ] 127.0.0.1 /Public/images//
INFO: [ app_init ] --START--
INFO: Run Behavior\BuildLiteBehavior [ RunTime:0.000017s ]
INFO: [ app_init ] --END-- [ RunTime:0.000586s ]
ERR: 无法加载模块:ErrorFiles

[ 2016-06-13T14:53:55+08:00 ] 127.0.0.1 /Public/images//
INFO: [ app_init ] --START--
INFO: Run Behavior\BuildLiteBehavior [ RunTime:0.000015s ]
INFO: [ app_init ] --END-- [ RunTime:0.000548s ]
ERR: 无法加载模块:ErrorFiles

[ 2016-06-13T14:55:15+08:00 ] 127.0.0.1 /Public/images//
INFO: [ app_init ] --START--
INFO: Run Behavior\BuildLiteBehavior [ RunTime:0.000019s ]
INFO: [ app_init ] --END-- [ RunTime:0.001081s ]
ERR: 无法加载模块:ErrorFiles

[ 2016-06-13T14:55:15+08:00 ] 127.0.0.1 /Public/images//
INFO: [ app_init ] --START--
INFO: Run Behavior\BuildLiteBehavior [ RunTime:0.000026s ]
INFO: [ app_init ] --END-- [ RunTime:0.001574s ]
ERR: 无法加载模块:ErrorFiles

[ 2016-06-13T23:17:58+08:00 ] 127.0.0.1 /favicon.ico
INFO: [ app_init ] --START--
INFO: Run Behavior\BuildLiteBehavior [ RunTime:0.000011s ]
INFO: [ app_init ] --END-- [ RunTime:0.000339s ]
ERR: 无法加载模块:Favicon

